{"contracts\\NftMarketplace.sol":{"l":{"27":4,"28":4,"29":0,"31":4,"35":4,"36":4,"37":0,"39":4,"43":6,"44":6,"45":6,"46":0,"48":6,"52":4,"53":4,"54":4,"55":0,"57":4,"58":4,"62":2,"63":2,"64":0,"66":2,"67":2,"69":2,"70":2,"74":1,"75":1,"79":1,"80":1,"84":0,"85":0,"87":0,"88":0,"89":0,"93":2,"97":2},"path":"C:\\Users\\Lenovo\\OneDrive\\Desktop\\Solidity\\NFT Marketplace\\contracts\\NftMarketplace.sol","s":{"1":4,"2":4,"3":4,"4":4,"5":6,"6":6,"7":6,"8":4,"9":4,"10":4,"11":4,"12":2,"13":2,"14":2,"15":2,"16":1,"17":1,"18":0,"19":0,"20":0,"21":0,"22":2,"23":2},"b":{"1":[0,4],"2":[0,4],"3":[0,6],"4":[4,0],"5":[4,0],"6":[4,0],"7":[0,4],"8":[2,0],"9":[0,2],"10":[1,0],"11":[1,0],"12":[1,0],"13":[1,0],"14":[0,0],"15":[0,0]},"f":{"1":4,"2":4,"3":6,"4":4,"5":2,"6":1,"7":1,"8":0,"9":2,"10":2},"fnMap":{"1":{"name":"notListed","line":26,"loc":{"start":{"line":26,"column":4},"end":{"line":32,"column":4}}},"2":{"name":"isListed","line":34,"loc":{"start":{"line":34,"column":4},"end":{"line":40,"column":4}}},"3":{"name":"isOwner","line":42,"loc":{"start":{"line":42,"column":4},"end":{"line":49,"column":4}}},"4":{"name":"listItem","line":51,"loc":{"start":{"line":51,"column":4},"end":{"line":59,"column":4}}},"5":{"name":"buyItem","line":61,"loc":{"start":{"line":61,"column":4},"end":{"line":71,"column":4}}},"6":{"name":"cancelListing","line":73,"loc":{"start":{"line":73,"column":4},"end":{"line":76,"column":4}}},"7":{"name":"updateListing","line":78,"loc":{"start":{"line":78,"column":4},"end":{"line":81,"column":4}}},"8":{"name":"withdrawProceeds","line":83,"loc":{"start":{"line":83,"column":4},"end":{"line":90,"column":4}}},"9":{"name":"getListing","line":92,"loc":{"start":{"line":92,"column":4},"end":{"line":94,"column":4}}},"10":{"name":"getProceeds","line":96,"loc":{"start":{"line":96,"column":4},"end":{"line":98,"column":4}}}},"statementMap":{"1":{"start":{"line":27,"column":8},"end":{"line":27,"column":64}},"2":{"start":{"line":28,"column":8},"end":{"line":28,"column":1128}},"3":{"start":{"line":35,"column":8},"end":{"line":35,"column":64}},"4":{"start":{"line":36,"column":8},"end":{"line":36,"column":1396}},"5":{"start":{"line":43,"column":8},"end":{"line":43,"column":41}},"6":{"start":{"line":44,"column":8},"end":{"line":44,"column":44}},"7":{"start":{"line":45,"column":8},"end":{"line":45,"column":1700}},"8":{"start":{"line":52,"column":8},"end":{"line":52,"column":44}},"9":{"start":{"line":53,"column":8},"end":{"line":53,"column":41}},"10":{"start":{"line":54,"column":8},"end":{"line":54,"column":2075}},"11":{"start":{"line":58,"column":8},"end":{"line":58,"column":63}},"12":{"start":{"line":62,"column":8},"end":{"line":62,"column":67}},"13":{"start":{"line":63,"column":8},"end":{"line":63,"column":2532}},"14":{"start":{"line":69,"column":8},"end":{"line":69,"column":83}},"15":{"start":{"line":70,"column":8},"end":{"line":70,"column":74}},"16":{"start":{"line":75,"column":8},"end":{"line":75,"column":58}},"17":{"start":{"line":80,"column":8},"end":{"line":80,"column":66}},"18":{"start":{"line":84,"column":8},"end":{"line":84,"column":46}},"19":{"start":{"line":85,"column":8},"end":{"line":85,"column":39}},"20":{"start":{"line":88,"column":8},"end":{"line":88,"column":72}},"21":{"start":{"line":89,"column":8},"end":{"line":89,"column":23}},"22":{"start":{"line":93,"column":8},"end":{"line":93,"column":46}},"23":{"start":{"line":97,"column":8},"end":{"line":97,"column":33}}},"branchMap":{"1":{"line":28,"type":"if","locations":[{"start":{"line":28,"column":8},"end":{"line":28,"column":8}},{"start":{"line":28,"column":8},"end":{"line":28,"column":8}}]},"2":{"line":36,"type":"if","locations":[{"start":{"line":36,"column":8},"end":{"line":36,"column":8}},{"start":{"line":36,"column":8},"end":{"line":36,"column":8}}]},"3":{"line":45,"type":"if","locations":[{"start":{"line":45,"column":8},"end":{"line":45,"column":8}},{"start":{"line":45,"column":8},"end":{"line":45,"column":8}}]},"4":{"line":51,"type":"if","locations":[{"start":{"line":51,"column":84},"end":{"line":51,"column":84}},{"start":{"line":51,"column":84},"end":{"line":51,"column":84}}]},"5":{"line":51,"type":"if","locations":[{"start":{"line":51,"column":127},"end":{"line":51,"column":127}},{"start":{"line":51,"column":127},"end":{"line":51,"column":127}}]},"6":{"line":52,"type":"if","locations":[{"start":{"line":52,"column":8},"end":{"line":52,"column":8}},{"start":{"line":52,"column":8},"end":{"line":52,"column":8}}]},"7":{"line":54,"type":"if","locations":[{"start":{"line":54,"column":8},"end":{"line":54,"column":8}},{"start":{"line":54,"column":8},"end":{"line":54,"column":8}}]},"8":{"line":61,"type":"if","locations":[{"start":{"line":61,"column":75},"end":{"line":61,"column":75}},{"start":{"line":61,"column":75},"end":{"line":61,"column":75}}]},"9":{"line":63,"type":"if","locations":[{"start":{"line":63,"column":8},"end":{"line":63,"column":8}},{"start":{"line":63,"column":8},"end":{"line":63,"column":8}}]},"10":{"line":73,"type":"if","locations":[{"start":{"line":73,"column":73},"end":{"line":73,"column":73}},{"start":{"line":73,"column":73},"end":{"line":73,"column":73}}]},"11":{"line":73,"type":"if","locations":[{"start":{"line":73,"column":114},"end":{"line":73,"column":114}},{"start":{"line":73,"column":114},"end":{"line":73,"column":114}}]},"12":{"line":78,"type":"if","locations":[{"start":{"line":78,"column":91},"end":{"line":78,"column":91}},{"start":{"line":78,"column":91},"end":{"line":78,"column":91}}]},"13":{"line":78,"type":"if","locations":[{"start":{"line":78,"column":121},"end":{"line":78,"column":121}},{"start":{"line":78,"column":121},"end":{"line":78,"column":121}}]},"14":{"line":85,"type":"if","locations":[{"start":{"line":85,"column":8},"end":{"line":85,"column":8}},{"start":{"line":85,"column":8},"end":{"line":85,"column":8}}]},"15":{"line":89,"type":"if","locations":[{"start":{"line":89,"column":8},"end":{"line":89,"column":8}},{"start":{"line":89,"column":8},"end":{"line":89,"column":8}}]}}},"contracts\\test\\BasicNft.sol":{"l":{"12":3,"16":4,"17":4,"22":0,"26":0},"path":"C:\\Users\\Lenovo\\OneDrive\\Desktop\\Solidity\\NFT Marketplace\\contracts\\test\\BasicNft.sol","s":{"1":4,"2":0,"3":0},"b":{},"f":{"1":3,"2":4,"3":0,"4":0},"fnMap":{"1":{"name":"constructor","line":11,"loc":{"start":{"line":11,"column":4},"end":{"line":13,"column":4}}},"2":{"name":"mintNft","line":15,"loc":{"start":{"line":15,"column":4},"end":{"line":18,"column":4}}},"3":{"name":"tokenURI","line":20,"loc":{"start":{"line":20,"column":4},"end":{"line":23,"column":4}}},"4":{"name":"getTokenCounter","line":25,"loc":{"start":{"line":25,"column":4},"end":{"line":27,"column":4}}}},"statementMap":{"1":{"start":{"line":16,"column":8},"end":{"line":16,"column":44}},"2":{"start":{"line":22,"column":8},"end":{"line":22,"column":24}},"3":{"start":{"line":26,"column":8},"end":{"line":26,"column":29}}},"branchMap":{}}}