TN:
SF:C:\Users\Lenovo\OneDrive\Desktop\Solidity\NFT Marketplace\contracts\NftMarketplace.sol
FN:26,notListed
FN:34,isListed
FN:42,isOwner
FN:51,listItem
FN:61,buyItem
FN:73,cancelListing
FN:78,updateListing
FN:83,withdrawProceeds
FN:92,getListing
FN:96,getProceeds
FNF:10
FNH:9
FNDA:4,notListed
FNDA:4,isListed
FNDA:6,isOwner
FNDA:4,listItem
FNDA:2,buyItem
FNDA:1,cancelListing
FNDA:1,updateListing
FNDA:0,withdrawProceeds
FNDA:2,getListing
FNDA:2,getProceeds
DA:27,4
DA:28,4
DA:29,0
DA:31,4
DA:35,4
DA:36,4
DA:37,0
DA:39,4
DA:43,6
DA:44,6
DA:45,6
DA:46,0
DA:48,6
DA:52,4
DA:53,4
DA:54,4
DA:55,0
DA:57,4
DA:58,4
DA:62,2
DA:63,2
DA:64,0
DA:66,2
DA:67,2
DA:69,2
DA:70,2
DA:74,1
DA:75,1
DA:79,1
DA:80,1
DA:84,0
DA:85,0
DA:87,0
DA:88,0
DA:89,0
DA:93,2
DA:97,2
LF:37
LH:27
BRDA:28,1,0,0
BRDA:28,1,1,4
BRDA:36,2,0,0
BRDA:36,2,1,4
BRDA:45,3,0,0
BRDA:45,3,1,6
BRDA:51,4,0,4
BRDA:51,4,1,0
BRDA:51,5,0,4
BRDA:51,5,1,0
BRDA:52,6,0,4
BRDA:52,6,1,0
BRDA:54,7,0,0
BRDA:54,7,1,4
BRDA:61,8,0,2
BRDA:61,8,1,0
BRDA:63,9,0,0
BRDA:63,9,1,2
BRDA:73,10,0,1
BRDA:73,10,1,0
BRDA:73,11,0,1
BRDA:73,11,1,0
BRDA:78,12,0,1
BRDA:78,12,1,0
BRDA:78,13,0,1
BRDA:78,13,1,0
BRDA:85,14,0,0
BRDA:85,14,1,0
BRDA:89,15,0,0
BRDA:89,15,1,0
BRF:30
BRH:13
end_of_record
TN:
SF:C:\Users\Lenovo\OneDrive\Desktop\Solidity\NFT Marketplace\contracts\test\BasicNft.sol
FN:11,constructor
FN:15,mintNft
FN:20,tokenURI
FN:25,getTokenCounter
FNF:4
FNH:2
FNDA:3,constructor
FNDA:4,mintNft
FNDA:0,tokenURI
FNDA:0,getTokenCounter
DA:12,3
DA:16,4
DA:17,4
DA:22,0
DA:26,0
LF:5
LH:3
BRF:0
BRH:0
end_of_record
